2020-09-13 00:03:58,834:INFO main (StartupInfoLogger.java:55) - Starting MyBootApplication on PC-20170403TTLI with PID 7820 (D:\mywork\MyBoot\MyBoot\target\classes started by Administrator in D:\mywork\MyBoot\MyBoot)
2020-09-13 00:03:58,851:INFO main (SpringApplication.java:651) - No active profile set, falling back to default profiles: default
2020-09-13 00:04:00,165:INFO main (RepositoryConfigurationDelegate.java:249) - Multiple Spring Data modules found, entering strict repository configuration mode!
2020-09-13 00:04:00,169:INFO main (RepositoryConfigurationDelegate.java:127) - Bootstrapping Spring Data Redis repositories in DEFAULT mode.
2020-09-13 00:04:00,239:INFO main (RepositoryConfigurationDelegate.java:187) - Finished Spring Data repository scanning in 19ms. Found 0 Redis repository interfaces.
2020-09-13 00:04:00,566:INFO main (PostProcessorRegistrationDelegate.java:330) - Bean 'asyncTaskConfig' of type [com.xhg.threadPool.AsyncTaskConfig$$EnhancerBySpringCGLIB$$2c20ee61] is not eligible for getting processed by all BeanPostProcessors (for example: not eligible for auto-proxying)
2020-09-13 00:04:00,661:INFO main (PostProcessorRegistrationDelegate.java:330) - Bean 'org.springframework.transaction.annotation.ProxyTransactionManagementConfiguration' of type [org.springframework.transaction.annotation.ProxyTransactionManagementConfiguration] is not eligible for getting processed by all BeanPostProcessors (for example: not eligible for auto-proxying)
2020-09-13 00:04:01,056:INFO main (TomcatWebServer.java:92) - Tomcat initialized with port(s): 9000 (http)
2020-09-13 00:04:01,088:INFO main (DirectJDKLog.java:173) - Initializing ProtocolHandler ["http-nio-9000"]
2020-09-13 00:04:01,090:INFO main (DirectJDKLog.java:173) - Starting service [Tomcat]
2020-09-13 00:04:01,092:INFO main (DirectJDKLog.java:173) - Starting Servlet engine: [Apache Tomcat/9.0.29]
2020-09-13 00:04:01,893:INFO main (DirectJDKLog.java:173) - Initializing Spring embedded WebApplicationContext
2020-09-13 00:04:01,894:INFO main (ServletWebServerApplicationContext.java:284) - Root WebApplicationContext: initialization completed in 2976 ms
2020-09-13 00:04:04,821:INFO main (PropertySourcedRequestMappingHandlerMapping.java:69) - Mapped URL path [/v2/api-docs] onto method [springfox.documentation.swagger2.web.Swagger2Controller#getDocumentation(String, HttpServletRequest)]
2020-09-13 00:04:04,866:INFO main (ExecutorConfigurationSupport.java:171) - Initializing ExecutorService
2020-09-13 00:04:04,870:INFO main (ExecutorConfigurationSupport.java:171) - Initializing ExecutorService 'getAsyncExecutor'
2020-09-13 00:04:06,399:INFO main (ExecutorConfigurationSupport.java:171) - Initializing ExecutorService 'taskScheduler'
2020-09-13 00:04:06,655:INFO main (DocumentationPluginsBootstrapper.java:160) - Context refreshed
2020-09-13 00:04:06,712:INFO main (DocumentationPluginsBootstrapper.java:163) - Found 1 custom documentation plugin(s)
2020-09-13 00:04:06,796:INFO main (ApiListingReferenceScanner.java:41) - Scanning for api listing references
2020-09-13 00:04:07,442:INFO main (AbstractConnectionFactory.java:524) - Attempting to connect to: [121.43.158.136:5672]
2020-09-13 00:04:07,639:INFO main (AbstractConnectionFactory.java:497) - Created new connection: rabbitConnectionFactory#28279a49:0/SimpleConnection@203765b2 [delegate=amqp://userMQ@121.43.158.136:5672/hostDemo, localPort= 58830]
2020-09-13 00:04:08,610:INFO main (DirectJDKLog.java:173) - Starting ProtocolHandler ["http-nio-9000"]
2020-09-13 00:04:08,709:INFO main (TomcatWebServer.java:204) - Tomcat started on port(s): 9000 (http) with context path '/boot'
2020-09-13 00:04:08,748:INFO main (StartupInfoLogger.java:61) - Started MyBootApplication in 10.825 seconds (JVM running for 13.465)
2020-09-13 00:10:50,044:INFO http-nio-9000-exec-1 (DirectJDKLog.java:173) - Initializing Spring DispatcherServlet 'dispatcherServlet'
2020-09-13 00:10:50,045:INFO http-nio-9000-exec-1 (FrameworkServlet.java:525) - Initializing Servlet 'dispatcherServlet'
2020-09-13 00:10:50,076:INFO http-nio-9000-exec-1 (FrameworkServlet.java:547) - Completed initialization in 30 ms
2020-09-13 00:10:50,321:INFO http-nio-9000-exec-1 (HikariDataSource.java:110) - HikariPool-1 - Starting...
2020-09-13 00:10:51,167:INFO http-nio-9000-exec-1 (HikariDataSource.java:123) - HikariPool-1 - Start completed.
2020-09-13 00:10:51,188:DEBUG http-nio-9000-exec-1 (BaseJdbcLogger.java:159) - ==>  Preparing: select order_id, user_id, order_describe,order_updateTime from userOrder 
2020-09-13 00:10:51,237:DEBUG http-nio-9000-exec-1 (BaseJdbcLogger.java:159) - ==> Parameters: 
2020-09-13 00:10:51,327:DEBUG http-nio-9000-exec-1 (BaseJdbcLogger.java:159) - <==      Total: 9
2020-09-13 00:12:00,958:DEBUG http-nio-9000-exec-6 (BaseJdbcLogger.java:159) - ==>  Preparing: insert into userOrder ( user_id, order_describe, order_updateTime ) values (?,?,?) 
2020-09-13 00:12:00,969:DEBUG http-nio-9000-exec-6 (BaseJdbcLogger.java:159) - ==> Parameters: 5(Integer), 生活用品订单2(String), 2020-09-13 00:12:00.927(Timestamp)
2020-09-13 00:12:01,087:DEBUG http-nio-9000-exec-6 (BaseJdbcLogger.java:159) - <==    Updates: 1
2020-09-13 00:13:54,670:DEBUG http-nio-9000-exec-8 (BaseJdbcLogger.java:159) - ==>  Preparing: insert into userOrder ( user_id, order_describe, order_updateTime ) values (?,?,?) 
2020-09-13 00:13:54,673:DEBUG http-nio-9000-exec-8 (BaseJdbcLogger.java:159) - ==> Parameters: 5(Integer), 生活用品订单3(String), 2020-09-13 00:13:54.641(Timestamp)
2020-09-13 00:13:54,728:DEBUG http-nio-9000-exec-8 (BaseJdbcLogger.java:159) - <==    Updates: 1
2020-09-13 00:14:28,589:DEBUG http-nio-9000-exec-4 (BaseJdbcLogger.java:159) - ==>  Preparing: insert into userOrder ( user_id, order_describe, order_updateTime ) values (?,?,?) 
2020-09-13 00:14:28,592:DEBUG http-nio-9000-exec-4 (BaseJdbcLogger.java:159) - ==> Parameters: 5(Integer), 生活用品订单4(String), 2020-09-13 00:14:28.559(Timestamp)
2020-09-13 00:14:28,651:DEBUG http-nio-9000-exec-4 (BaseJdbcLogger.java:159) - <==    Updates: 1
